<?xml version="1.0" encoding="UTF-8"?>
<testng-results skipped="0" failed="1" ignored="0" total="9" passed="8">
  <reporter-output>
  </reporter-output>
  <suite name="Suite" duration-ms="129102" started-at="2020-04-19T01:10:56 BST" finished-at="2020-04-19T01:13:05 BST">
    <groups>
    </groups>
    <test name="Test1" duration-ms="27997" started-at="2020-04-19T01:10:56 BST" finished-at="2020-04-19T01:11:24 BST">
      <class name="frameWork_8.EndToEndF_New.TestHomeWithLog4j">
        <test-method status="PASS" signature="baseFileBrowserAccess()[pri:0, instance:frameWork_8.EndToEndF_New.TestHomeWithLog4j@7c9d8e2]" name="baseFileBrowserAccess" is-config="true" duration-ms="8560" started-at="2020-04-19T01:10:56 BST" finished-at="2020-04-19T01:11:05 BST">
          <reporter-output>
          </reporter-output>
        </test-method> <!-- baseFileBrowserAccess -->
        <test-method status="FAIL" signature="homeQaclickAccess()[pri:0, instance:frameWork_8.EndToEndF_New.TestHomeWithLog4j@7c9d8e2]" name="homeQaclickAccess" duration-ms="7868" started-at="2020-04-19T01:11:05 BST" finished-at="2020-04-19T01:11:13 BST">
          <exception class="java.lang.AssertionError">
            <message>
              <![CDATA[expected [FEATURED COURSE] but found [FEATURED COURSES]]]>
            </message>
            <full-stacktrace>
              <![CDATA[java.lang.AssertionError: expected [FEATURED COURSE] but found [FEATURED COURSES]
at org.testng.Assert.fail(Assert.java:97)
at org.testng.Assert.assertEqualsImpl(Assert.java:136)
at org.testng.Assert.assertEquals(Assert.java:118)
at org.testng.Assert.assertEquals(Assert.java:575)
at org.testng.Assert.assertEquals(Assert.java:585)
at frameWork_8.EndToEndF_New.TestHomeWithLog4j.homeQaclickAccess(TestHomeWithLog4j.java:98)
at sun.reflect.NativeMethodAccessorImpl.invoke0(Native Method)
at sun.reflect.NativeMethodAccessorImpl.invoke(NativeMethodAccessorImpl.java:62)
at sun.reflect.DelegatingMethodAccessorImpl.invoke(DelegatingMethodAccessorImpl.java:43)
at java.lang.reflect.Method.invoke(Method.java:498)
at org.testng.internal.MethodInvocationHelper.invokeMethod(MethodInvocationHelper.java:133)
at org.testng.internal.TestInvoker.invokeMethod(TestInvoker.java:584)
at org.testng.internal.TestInvoker.invokeTestMethod(TestInvoker.java:172)
at org.testng.internal.MethodRunner.runInSequence(MethodRunner.java:46)
at org.testng.internal.TestInvoker$MethodInvocationAgent.invoke(TestInvoker.java:804)
at org.testng.internal.TestInvoker.invokeTestMethods(TestInvoker.java:145)
at org.testng.internal.TestMethodWorker.invokeTestMethods(TestMethodWorker.java:146)
at org.testng.internal.TestMethodWorker.run(TestMethodWorker.java:128)
at java.util.ArrayList.forEach(ArrayList.java:1257)
at org.testng.TestRunner.privateRun(TestRunner.java:770)
at org.testng.TestRunner.run(TestRunner.java:591)
at org.testng.SuiteRunner.runTest(SuiteRunner.java:402)
at org.testng.SuiteRunner.runSequentially(SuiteRunner.java:396)
at org.testng.SuiteRunner.privateRun(SuiteRunner.java:355)
at org.testng.SuiteRunner.run(SuiteRunner.java:304)
at org.testng.SuiteRunnerWorker.runSuite(SuiteRunnerWorker.java:53)
at org.testng.SuiteRunnerWorker.run(SuiteRunnerWorker.java:96)
at org.testng.TestNG.runSuitesSequentially(TestNG.java:1180)
at org.testng.TestNG.runSuitesLocally(TestNG.java:1102)
at org.testng.TestNG.runSuites(TestNG.java:1032)
at org.testng.TestNG.run(TestNG.java:1000)
at org.testng.remote.AbstractRemoteTestNG.run(AbstractRemoteTestNG.java:115)
at org.testng.remote.RemoteTestNG.initAndRun(RemoteTestNG.java:251)
at org.testng.remote.RemoteTestNG.main(RemoteTestNG.java:77)
]]>
            </full-stacktrace>
          </exception> <!-- java.lang.AssertionError -->
          <reporter-output>
          </reporter-output>
        </test-method> <!-- homeQaclickAccess -->
        <test-method status="PASS" signature="homeQaclickAccess2()[pri:0, instance:frameWork_8.EndToEndF_New.TestHomeWithLog4j@7c9d8e2]" name="homeQaclickAccess2" duration-ms="3729" started-at="2020-04-19T01:11:13 BST" finished-at="2020-04-19T01:11:17 BST">
          <reporter-output>
          </reporter-output>
        </test-method> <!-- homeQaclickAccess2 -->
        <test-method status="PASS" signature="loginQaclickAccess()[pri:0, instance:frameWork_8.EndToEndF_New.TestHomeWithLog4j@7c9d8e2]" name="loginQaclickAccess" duration-ms="6788" started-at="2020-04-19T01:11:17 BST" finished-at="2020-04-19T01:11:24 BST">
          <reporter-output>
          </reporter-output>
        </test-method> <!-- loginQaclickAccess -->
        <test-method status="PASS" signature="validateSearchBox()[pri:0, instance:frameWork_8.EndToEndF_New.TestHomeWithLog4j@7c9d8e2]" name="validateSearchBox" duration-ms="95" started-at="2020-04-19T01:11:24 BST" finished-at="2020-04-19T01:11:24 BST">
          <reporter-output>
          </reporter-output>
        </test-method> <!-- validateSearchBox -->
        <test-method status="PASS" signature="tearDown()[pri:0, instance:frameWork_8.EndToEndF_New.TestHomeWithLog4j@7c9d8e2]" name="tearDown" is-config="true" duration-ms="326" started-at="2020-04-19T01:11:24 BST" finished-at="2020-04-19T01:11:24 BST">
          <reporter-output>
          </reporter-output>
        </test-method> <!-- tearDown -->
      </class> <!-- frameWork_8.EndToEndF_New.TestHomeWithLog4j -->
    </test> <!-- Test1 -->
    <test name="Test2" duration-ms="31912" started-at="2020-04-19T01:11:24 BST" finished-at="2020-04-19T01:11:56 BST">
      <class name="frameWork_8.EndToEndF_New.TestHomeQaclick">
        <test-method status="PASS" signature="baseFileBrowserAccess()[pri:0, instance:frameWork_8.EndToEndF_New.TestHomeQaclick@45b4c3a9]" name="baseFileBrowserAccess" is-config="true" duration-ms="7591" started-at="2020-04-19T01:11:24 BST" finished-at="2020-04-19T01:11:32 BST">
          <reporter-output>
          </reporter-output>
        </test-method> <!-- baseFileBrowserAccess -->
        <test-method status="PASS" signature="homeQaclickAccess()[pri:0, instance:frameWork_8.EndToEndF_New.TestHomeQaclick@45b4c3a9]" name="homeQaclickAccess" duration-ms="12122" started-at="2020-04-19T01:11:32 BST" finished-at="2020-04-19T01:11:44 BST">
          <reporter-output>
          </reporter-output>
        </test-method> <!-- homeQaclickAccess -->
        <test-method status="PASS" signature="loginQaclickAccess()[pri:0, instance:frameWork_8.EndToEndF_New.TestHomeQaclick@45b4c3a9]" name="loginQaclickAccess" duration-ms="8022" started-at="2020-04-19T01:11:44 BST" finished-at="2020-04-19T01:11:52 BST">
          <reporter-output>
          </reporter-output>
        </test-method> <!-- loginQaclickAccess -->
        <test-method status="PASS" signature="tearDown()[pri:0, instance:frameWork_8.EndToEndF_New.TestHomeQaclick@45b4c3a9]" name="tearDown" is-config="true" duration-ms="4166" started-at="2020-04-19T01:11:52 BST" finished-at="2020-04-19T01:11:56 BST">
          <reporter-output>
          </reporter-output>
        </test-method> <!-- tearDown -->
      </class> <!-- frameWork_8.EndToEndF_New.TestHomeQaclick -->
    </test> <!-- Test2 -->
    <test name="Test3" duration-ms="69071" started-at="2020-04-19T01:11:56 BST" finished-at="2020-04-19T01:13:05 BST">
      <class name="testWithTestngData.TestHomeWithParameterizing">
        <test-method status="PASS" signature="loginQaclickAccess(java.lang.String, java.lang.String)[pri:0, instance:testWithTestngData.TestHomeWithParameterizing@1f59a598]" name="loginQaclickAccess" duration-ms="25634" started-at="2020-04-19T01:11:56 BST" data-provider="getData" finished-at="2020-04-19T01:12:22 BST">
          <params>
            <param index="0">
              <value>
                <![CDATA[olushesi@yahoo.com]]>
              </value>
            </param>
            <param index="1">
              <value>
                <![CDATA[Rodmanraylex1]]>
              </value>
            </param>
          </params>
          <reporter-output>
          </reporter-output>
        </test-method> <!-- loginQaclickAccess -->
        <test-method status="PASS" signature="loginQaclickAccess(java.lang.String, java.lang.String)[pri:0, instance:testWithTestngData.TestHomeWithParameterizing@1f59a598]" name="loginQaclickAccess" duration-ms="19938" started-at="2020-04-19T01:12:22 BST" data-provider="getData" finished-at="2020-04-19T01:12:42 BST">
          <params>
            <param index="0">
              <value>
                <![CDATA[secondusername]]>
              </value>
            </param>
            <param index="1">
              <value>
                <![CDATA[secondpassword]]>
              </value>
            </param>
          </params>
          <reporter-output>
          </reporter-output>
        </test-method> <!-- loginQaclickAccess -->
        <test-method status="PASS" signature="loginQaclickAccess(java.lang.String, java.lang.String)[pri:0, instance:testWithTestngData.TestHomeWithParameterizing@1f59a598]" name="loginQaclickAccess" duration-ms="23474" started-at="2020-04-19T01:12:42 BST" data-provider="getData" finished-at="2020-04-19T01:13:05 BST">
          <params>
            <param index="0">
              <value>
                <![CDATA[thirdusername]]>
              </value>
            </param>
            <param index="1">
              <value>
                <![CDATA[thirdpassword]]>
              </value>
            </param>
          </params>
          <reporter-output>
          </reporter-output>
        </test-method> <!-- loginQaclickAccess -->
      </class> <!-- testWithTestngData.TestHomeWithParameterizing -->
    </test> <!-- Test3 -->
  </suite> <!-- Suite -->
</testng-results>
